#
# A fatal error has been detected by the Java Runtime Environment:
#
#  EXCEPTION_ACCESS_VIOLATION (0xc0000005) at pc=0x00000000621c4419, pid=6452, tid=7060
#
# JRE version: Java(TM) SE Runtime Environment (7.0_45-b18) (build 1.7.0_45-b18)
# Java VM: Java HotSpot(TM) 64-Bit Server VM (24.45-b08 mixed mode windows-amd64 compressed oops)
# Problematic frame:
# V  [jvm.dll+0x54419]
#
# Failed to write core dump. Minidumps are not enabled by default on client versions of Windows
#
# If you would like to submit a bug report, please visit:
#   http://bugreport.sun.com/bugreport/crash.jsp
#

---------------  T H R E A D  ---------------

Current thread (0x000000000c095000):  JavaThread "JDWP Transport Listener: dt_socket" daemon [_thread_in_vm, id=7060, stack(0x000000000ca30000,0x000000000cb30000)]

siginfo: ExceptionCode=0xc0000005, reading address 0x000000000000000c

Registers:
RAX=0x000000000000000c, RBX=0x000000000c095000, RCX=0x0000000000000003, RDX=0x0000000000000000
RSP=0x000000000cb2f060, RBP=0x000000000000000c, RSI=0x0000000000000000, RDI=0x0000000000000010
R8 =0x00000007d677c1f8, R9 =0x0000000000000000, R10=0x0000000000000000, R11=0x0000000000000001
R12=0x0000000000000000, R13=0x000000000aa885d8, R14=0x0000000000000000, R15=0x0000000000000000
RIP=0x00000000621c4419, EFLAGS=0x0000000000010246

Top of Stack: (sp=0x000000000cb2f060)
0x000000000cb2f060:   000000000c095000 0000000000000000
0x000000000cb2f070:   0000000000000000 000000000c095000
0x000000000cb2f080:   0000000000000000 000000006228b2b7
0x000000000cb2f090:   00000007d677c1f8 000000000cb2f1b0
0x000000000cb2f0a0:   000000000c1fadb8 000000000cb2f180
0x000000000cb2f0b0:   000000000c095000 0000000000000000
0x000000000cb2f0c0:   000000000c1fadb8 000000000cb2f1b0
0x000000000cb2f0d0:   0000000000000000 000000000aa885d8
0x000000000cb2f0e0:   0000000000000000 0000000062a97d15
0x000000000cb2f0f0:   000000000cb2f180 000000000cb2f1b0
0x000000000cb2f100:   000000000c1fadb8 000000000c0951e8
0x000000000cb2f110:   000000000c458d0a 0000000062a9f08c
0x000000000cb2f120:   000000000a010a01 000000000cb2f220
0x000000000cb2f130:   000000000aa88101 000000000aa88101
0x000000000cb2f140:   000002e600000013 000000000a010a00
0x000000000cb2f150:   0000000002136de0 00000000622fbcca 

Instructions: (pc=0x00000000621c4419)
0x00000000621c43f9:   d2 48 8b c5 eb 18 48 8b d0 48 8b c5 48 d3 e2 48
0x00000000621c4409:   03 15 a1 74 69 00 eb 06 48 8b 12 48 8b c7 48 98
0x00000000621c4419:   8b 14 10 85 d2 74 2a 45 84 db 4c 63 c6 48 0f 45
0x00000000621c4429:   fd 8d 47 0b 48 63 c8 48 83 e1 f8 48 c1 e9 03 8d 


Register to memory mapping:

RAX=0x000000000000000c is an unknown value
RBX=0x000000000c095000 is a thread
RCX=0x0000000000000003 is an unknown value
RDX=0x0000000000000000 is an unknown value
RSP=0x000000000cb2f060 is pointing into the stack for thread: 0x000000000c095000
RBP=0x000000000000000c is an unknown value
RSI=0x0000000000000000 is an unknown value
RDI=0x0000000000000010 is an unknown value
R8 =0x00000007d677c1f8 is an oop
java.lang.String 
 - klass: 'java/lang/String'
R9 =0x0000000000000000 is an unknown value
R10=0x0000000000000000 is an unknown value
R11=0x0000000000000001 is an unknown value
R12=0x0000000000000000 is an unknown value
R13=0x000000000aa885d8 is an unknown value
R14=0x0000000000000000 is an unknown value
R15=0x0000000000000000 is an unknown value


Stack: [0x000000000ca30000,0x000000000cb30000],  sp=0x000000000cb2f060,  free space=1020k
Native frames: (J=compiled Java code, j=interpreted, Vv=VM code, C=native code)
V  [jvm.dll+0x54419]


---------------  P R O C E S S  ---------------

Java Threads: ( => current thread )
  0x000000000c0c6800 JavaThread "Service Thread" daemon [_thread_blocked, id=3976, stack(0x000000000cc50000,0x000000000cd50000)]
  0x000000000c0b9000 JavaThread "C2 CompilerThread1" daemon [_thread_blocked, id=6612, stack(0x000000000c870000,0x000000000c970000)]
  0x000000000c0c0800 JavaThread "C2 CompilerThread0" daemon [_thread_blocked, id=2900, stack(0x000000000cef0000,0x000000000cff0000)]
  0x000000000c0a3000 JavaThread "JDWP Command Reader" daemon [_thread_in_native, id=5260, stack(0x000000000cd50000,0x000000000ce50000)]
  0x000000000c0a2000 JavaThread "JDWP Event Helper Thread" daemon [_thread_blocked, id=6564, stack(0x000000000cb50000,0x000000000cc50000)]
=>0x000000000c095000 JavaThread "JDWP Transport Listener: dt_socket" daemon [_thread_in_vm, id=7060, stack(0x000000000ca30000,0x000000000cb30000)]
  0x000000000aa8e800 JavaThread "Attach Listener" daemon [_thread_blocked, id=312, stack(0x000000000bf90000,0x000000000c090000)]
  0x000000000aa87000 JavaThread "Signal Dispatcher" daemon [_thread_blocked, id=796, stack(0x000000000be80000,0x000000000bf80000)]
  0x000000000aa1b800 JavaThread "Finalizer" daemon [_thread_blocked, id=6684, stack(0x000000000ba60000,0x000000000bb60000)]
  0x000000000aa10800 JavaThread "Reference Handler" daemon [_thread_blocked, id=6412, stack(0x000000000bc10000,0x000000000bd10000)]
  0x00000000020ef000 JavaThread "main" [_thread_blocked, id=5280, stack(0x0000000002230000,0x0000000002330000)]

Other Threads:
  0x000000000aa0f800 VMThread [stack: 0x000000000b920000,0x000000000ba20000] [id=5316]
  0x000000000c0db000 WatcherThread [stack: 0x000000000d0b0000,0x000000000d1b0000] [id=5780]

VM state:not at safepoint (normal execution)

VM Mutex/Monitor currently owned by a thread: None

Heap
 PSYoungGen      total 37888K, used 8751K [0x00000007d5f00000, 0x00000007d8900000, 0x0000000800000000)
  eden space 32768K, 26% used [0x00000007d5f00000,0x00000007d678bd88,0x00000007d7f00000)
  from space 5120K, 0% used [0x00000007d8400000,0x00000007d8400000,0x00000007d8900000)
  to   space 5120K, 0% used [0x00000007d7f00000,0x00000007d7f00000,0x00000007d8400000)
 ParOldGen       total 86016K, used 0K [0x0000000781e00000, 0x0000000787200000, 0x00000007d5f00000)
  object space 86016K, 0% used [0x0000000781e00000,0x0000000781e00000,0x0000000787200000)
 PSPermGen       total 21504K, used 7797K [0x000000077cc00000, 0x000000077e100000, 0x0000000781e00000)
  object space 21504K, 36% used [0x000000077cc00000,0x000000077d39d5a0,0x000000077e100000)

Card table byte_map: [0x0000000005400000,0x0000000005820000] byte_map_base: 0x000000000181a000

Polling page: 0x0000000000320000

Code Cache  [0x0000000002400000, 0x0000000002670000, 0x0000000005400000)
 total_blobs=263 nmethods=18 adapters=206 free_code_cache=48702Kb largest_free_block=49860608

Compilation events (10 events):
Event: 0.475 Thread 0x000000000c0b9000 nmethod 12 0x0000000002463910 code [0x0000000002463a60, 0x0000000002463c28]
Event: 0.480 Thread 0x000000000c0c0800 nmethod 13 0x0000000002469f10 code [0x000000000246a080, 0x000000000246a608]
Event: 0.483 Thread 0x000000000c0b9000   14             java.lang.AbstractStringBuilder::ensureCapacityInternal (16 bytes)
Event: 0.485 Thread 0x000000000c0b9000 nmethod 14 0x0000000002469950 code [0x0000000002469aa0, 0x0000000002469d58]
Event: 0.517 Thread 0x000000000c0c0800   16             sun.net.www.ParseUtil::encodePath (336 bytes)
Event: 0.537 Thread 0x000000000c0c0800 nmethod 16 0x0000000002470e90 code [0x00000000024710e0, 0x0000000002472438]
Event: 0.537 Thread 0x000000000c0b9000   17             java.io.Win32FileSystem::normalize (143 bytes)
Event: 0.542 Thread 0x000000000c0b9000 nmethod 17 0x000000000246d590 code [0x000000000246d700, 0x000000000246db70]
Event: 0.567 Thread 0x000000000c0c0800   18             java.lang.Math::min (11 bytes)
Event: 0.567 Thread 0x000000000c0c0800 nmethod 18 0x000000000246e050 code [0x000000000246e180, 0x000000000246e1d8]

GC Heap History (0 events):
No events

Deoptimization events (0 events):
No events

Internal exceptions (10 events):
Event: 0.600 Thread 0x00000000020ef000 Threw 0x00000007d67467b8 at C:\re\jdk7u45\229\hotspot\src\share\vm\prims\jvm.cpp:1244
Event: 0.600 Thread 0x00000000020ef000 Threw 0x00000007d6749a08 at C:\re\jdk7u45\229\hotspot\src\share\vm\prims\jvm.cpp:1244
Event: 0.601 Thread 0x00000000020ef000 Threw 0x00000007d674d160 at C:\re\jdk7u45\229\hotspot\src\share\vm\prims\jvm.cpp:1244
Event: 0.601 Thread 0x00000000020ef000 Threw 0x00000007d6750b38 at C:\re\jdk7u45\229\hotspot\src\share\vm\prims\jvm.cpp:1244
Event: 0.602 Thread 0x00000000020ef000 Threw 0x00000007d6757158 at C:\re\jdk7u45\229\hotspot\src\share\vm\prims\jvm.cpp:1244
Event: 0.603 Thread 0x00000000020ef000 Threw 0x00000007d675a8c8 at C:\re\jdk7u45\229\hotspot\src\share\vm\prims\jvm.cpp:1244
Event: 0.603 Thread 0x00000000020ef000 Threw 0x00000007d675dd28 at C:\re\jdk7u45\229\hotspot\src\share\vm\prims\jvm.cpp:1244
Event: 0.611 Thread 0x00000000020ef000 Threw 0x00000007d6770b38 at C:\re\jdk7u45\229\hotspot\src\share\vm\prims\jvm.cpp:1244
Event: 0.611 Thread 0x00000000020ef000 Threw 0x00000007d6774878 at C:\re\jdk7u45\229\hotspot\src\share\vm\prims\jvm.cpp:1244
Event: 0.612 Thread 0x00000000020ef000 Threw 0x00000007d67783a0 at C:\re\jdk7u45\229\hotspot\src\share\vm\prims\jvm.cpp:1244

Events (10 events):
Event: 34.680 Executing VM operation: ChangeSingleStep
Event: 34.680 Executing VM operation: ChangeSingleStep done
Event: 34.680 Executing VM operation: ChangeSingleStep
Event: 34.680 Executing VM operation: ChangeSingleStep done
Event: 34.680 loading class 0x0000000002174fb0
Event: 34.681 loading class 0x0000000002174fb0 done
Event: 34.707 Executing VM operation: GetOrSetLocal
Event: 34.707 Executing VM operation: GetOrSetLocal done
Event: 34.922 Executing VM operation: GetOrSetLocal
Event: 34.922 Executing VM operation: GetOrSetLocal done


Dynamic libraries:
0x000000013f430000 - 0x000000013f463000 	C:\Program Files\Java\jdk1.7.0_45\bin\javaw.exe
0x00000000776d0000 - 0x0000000077879000 	C:\Windows\SYSTEM32\ntdll.dll
0x00000000775b0000 - 0x00000000776cf000 	C:\Windows\system32\kernel32.dll
0x000007fefd710000 - 0x000007fefd77c000 	C:\Windows\system32\KERNELBASE.dll
0x000007feff8f0000 - 0x000007feff9cb000 	C:\Windows\system32\ADVAPI32.dll
0x000007feff200000 - 0x000007feff29f000 	C:\Windows\system32\msvcrt.dll
0x000007fefe640000 - 0x000007fefe65f000 	C:\Windows\SYSTEM32\sechost.dll
0x000007feff7c0000 - 0x000007feff8ed000 	C:\Windows\system32\RPCRT4.dll
0x00000000774b0000 - 0x00000000775aa000 	C:\Windows\system32\USER32.dll
0x000007feff3d0000 - 0x000007feff437000 	C:\Windows\system32\GDI32.dll
0x000007feff9d0000 - 0x000007feff9de000 	C:\Windows\system32\LPK.dll
0x000007feff130000 - 0x000007feff1f9000 	C:\Windows\system32\USP10.dll
0x000007fefbf10000 - 0x000007fefc104000 	C:\Windows\WinSxS\amd64_microsoft.windows.common-controls_6595b64144ccf1df_6.0.7601.17514_none_fa396087175ac9ac\COMCTL32.dll
0x000007feff2d0000 - 0x000007feff341000 	C:\Windows\system32\SHLWAPI.dll
0x000007feff2a0000 - 0x000007feff2ce000 	C:\Windows\system32\IMM32.DLL
0x000007fefeec0000 - 0x000007fefefc9000 	C:\Windows\system32\MSCTF.dll
0x0000000062940000 - 0x0000000062a12000 	C:\Program Files\Java\jdk1.7.0_45\jre\bin\msvcr100.dll
0x0000000062170000 - 0x0000000062939000 	C:\Program Files\Java\jdk1.7.0_45\jre\bin\server\jvm.dll
0x000007fef3040000 - 0x000007fef3049000 	C:\Windows\system32\WSOCK32.dll
0x000007fefed30000 - 0x000007fefed7d000 	C:\Windows\system32\WS2_32.dll
0x000007fefd8a0000 - 0x000007fefd8a8000 	C:\Windows\system32\NSI.dll
0x000007fefb570000 - 0x000007fefb5ab000 	C:\Windows\system32\WINMM.dll
0x0000000077890000 - 0x0000000077897000 	C:\Windows\system32\PSAPI.DLL
0x00000000702e0000 - 0x00000000702ef000 	C:\Program Files\Java\jdk1.7.0_45\jre\bin\verify.dll
0x0000000062ad0000 - 0x0000000062af8000 	C:\Program Files\Java\jdk1.7.0_45\jre\bin\java.dll
0x0000000062a90000 - 0x0000000062ac5000 	C:\Program Files\Java\jdk1.7.0_45\jre\bin\jdwp.dll
0x00000000702f0000 - 0x00000000702f8000 	C:\Program Files\Java\jdk1.7.0_45\jre\bin\npt.dll
0x0000000062a70000 - 0x0000000062a85000 	C:\Program Files\Java\jdk1.7.0_45\jre\bin\zip.dll
0x0000000062a60000 - 0x0000000062a69000 	C:\Program Files\Java\jdk1.7.0_45\jre\bin\dt_socket.dll
0x000007fefaec0000 - 0x000007fefaed5000 	C:\Windows\system32\NLAapi.dll
0x000007fef8ed0000 - 0x000007fef8ee5000 	C:\Windows\system32\napinsp.dll
0x000007fef8eb0000 - 0x000007fef8ec9000 	C:\Windows\system32\pnrpnsp.dll
0x000007fef8ea0000 - 0x000007fef8eb0000 	C:\Windows\system32\wshbth.dll
0x000007fefcc80000 - 0x000007fefccd5000 	C:\Windows\System32\mswsock.dll
0x000007fefcb00000 - 0x000007fefcb5b000 	C:\Windows\system32\DNSAPI.dll
0x000007fef8e90000 - 0x000007fef8e9b000 	C:\Windows\System32\winrnr.dll
0x000007fefa130000 - 0x000007fefa157000 	C:\Windows\system32\IPHLPAPI.DLL
0x000007fefa120000 - 0x000007fefa12b000 	C:\Windows\system32\WINNSI.DLL
0x000007fef9fa0000 - 0x000007fef9ff3000 	C:\Windows\System32\fwpuclnt.dll
0x000007fef85e0000 - 0x000007fef85e8000 	C:\Windows\system32\rasadhlp.dll
0x000007fefc6a0000 - 0x000007fefc6a7000 	C:\Windows\System32\wshtcpip.dll
0x0000000062a30000 - 0x0000000062a49000 	C:\Program Files\Java\jdk1.7.0_45\jre\bin\net.dll
0x000007fefcc70000 - 0x000007fefcc77000 	C:\Windows\System32\wship6.dll
0x0000000062150000 - 0x0000000062161000 	C:\Program Files\Java\jdk1.7.0_45\jre\bin\nio.dll
0x000007fefa8b0000 - 0x000007fefa9d5000 	C:\Windows\system32\dbghelp.dll

VM Arguments:
jvm_args: -agentlib:jdwp=transport=dt_socket,suspend=y,address=localhost:52391 -Dfile.encoding=UTF-8 -Xbootclasspath/a:D:\MyEclipse10\Common\plugins\com.genuitec.eclipse.j2eedt.core_10.5.0.me201207171805\data\libraryset\EE_5\javaee.jar;D:\MyEclipse10\Common\plugins\com.genuitec.eclipse.j2eedt.core_10.5.0.me201207171805\data\libraryset\EE_5\jsf-impl.jar;D:\MyEclipse10\Common\plugins\com.genuitec.eclipse.j2eedt.core_10.5.0.me201207171805\data\libraryset\EE_5\jsf-api.jar;D:\MyEclipse10\Common\plugins\com.genuitec.eclipse.j2eedt.core_10.5.0.me201207171805\data\libraryset\EE_5\jstl-1.2.jar 
java_command: org.rzy.dao.DynamicSQL
Launcher Type: SUN_STANDARD

Environment Variables:
JAVA_HOME=C:\Program Files\Java\jdk1.6.0_23
CLASSPATH=.;C:\Program Files\Java\jdk1.6.0_23\lib\dt.jar;JAVA_HOME\lib\tools.jar;
PATH=C:\Program Files\Java\jdk1.7.0_45\jre\bin;.;C:\Program Files\Java\jdk1.6.0_23\bin;C:\Windows\system32;C:\Windows;C:\Windows\System32\Wbem;C:\Windows\System32\WindowsPowerShell\v1.0\;C:\Program Files (x86)\Intel\OpenCL SDK\2.0\bin\x86;C:\Program Files (x86)\Intel\OpenCL SDK\2.0\bin\x64;D:\MySQL Server 5.1\bin;D:\TortoiseSVN\bin;C:\Program Files (x86)\OpenVPN\bin
USERNAME=intple
OS=Windows_NT
PROCESSOR_IDENTIFIER=Intel64 Family 6 Model 58 Stepping 9, GenuineIntel



---------------  S Y S T E M  ---------------

OS: Windows 7 , 64 bit Build 7601 Service Pack 1

CPU:total 4 (2 cores per cpu, 2 threads per core) family 6 model 58 stepping 9, cmov, cx8, fxsr, mmx, sse, sse2, sse3, ssse3, sse4.1, sse4.2, popcnt, avx, aes, erms, ht, tsc, tscinvbit, tscinv

Memory: 4k page, physical 8258628k(3563900k free), swap 16515392k(11063200k free)

vm_info: Java HotSpot(TM) 64-Bit Server VM (24.45-b08) for windows-amd64 JRE (1.7.0_45-b18), built on Oct  8 2013 05:47:22 by "java_re" with unknown MS VC++:1600

time: Fri Aug 29 11:04:33 2014
elapsed time: 35 seconds

