2016-09-05 13:34:12.605 select * from alarm_object where 1=1
2016-09-05 13:41:57.820 select * from alarm_object where 1=1
2016-09-05 13:47:11.098 select * from alarm_object where 1=1
2016-09-05 13:49:38.276 select * from alarm_object where 1=1
2016-09-05 13:49:52.511 select * from alarm_object where 1=1
2016-09-05 13:49:52.923 SQL==>select * from alarm_object where 1=1
2016-09-05 13:51:35.557 select * from users where state in (
2016-09-05 13:51:35.831 SQL==>select * from users where state in (
2016-09-05 13:52:34.311 select * from users where 1=1 --and state in (
2016-09-05 13:52:34.586 SQL==>select * from users where 1=1 --and state in (
2016-09-05 13:53:44.618 select * from users where 1=1 *and state in (
2016-09-05 13:53:44.911 SQL==>select * from users where 1=1 *and state in (
2016-09-05 13:54:55.398 select * from users where 1=1 *****and state in (
2016-09-05 13:54:55.688 SQL==>select * from users where 1=1 *****and state in (
2016-09-05 13:55:09.980 select * from users where 1=1 ***** and state in (
2016-09-05 13:55:10.262 SQL==>select * from users where 1=1 ***** and state in (
2016-09-05 13:55:30.678 select * from users where 1=1
2016-09-05 13:55:30.934 SQL==>select * from users where 1=1
2016-09-05 14:24:52.675 select * from users where 1=1 -- and state in (
2016-09-05 14:24:52.944 SQL==>select * from users where 1=1 -- and state in (
2016-09-05 14:27:07.092 select * from users where 1=1
2016-09-05 14:27:07.370 SQL==>select * from users where 1=1
2016-09-05 14:39:23.907 select * from users where 1=1
2016-09-05 14:39:24.176 SQL==>select * from users where 1=1 limit [3, 3], 
2016-09-05 14:40:38.926 select * from users where 1=1
2016-09-05 14:41:45.835 SQL==>select * from users where 1=1 limit [3, 3], 
2016-09-05 14:45:32.942 select * from users where 1=1
2016-09-05 14:45:33.210 SQL==>select * from users where 1=1 limit [3, 3], 
2016-09-05 14:45:39.364 select * from users where 1=1
2016-09-05 14:45:39.646 SQL==>select * from users where 1=1 limit [3, 3], 
2016-09-05 14:47:22.456 select * from users where 1=1
2016-09-05 14:48:04.330 SQL==>select * from users where 1=1 limit [3, 3], 
2016-09-05 14:53:26.880 select * from users 
2016-09-05 14:58:21.286 SQL==>select * from users  limit [3, 3], 
2016-09-05 15:08:10.733 select * from users 
2016-09-05 15:19:48.535 select * from users 
2016-09-05 15:19:48.854 SQL==>select * from users  limit 3,3
2016-09-05 15:34:09.472 select * from users 
2016-09-05 15:34:09.782 SQL==>select * from users  limit 3,3
